<?xml version="1.0" encoding="UTF-8"?>
<!-- Generated by org.testng.reporters.JUnitReportReporter -->
<testsuite hostname="Lenovo" failures="0" tests="2" name="snl_service.RestAssuredSnl.SnlTestV3" time="0.724" errors="1" timestamp="20 Aug 2018 04:08:49 GMT" skipped="1">
  <testcase classname="snl_service.RestAssuredSnl.SnlTestV3" name="print" time="0.000">
    <skipped/>
  </testcase> <!-- print -->
  <testcase classname="snl_service.RestAssuredSnl.SnlTestV3" name="setBaseUri" time="0.724">
    <error message="Key length not 128/192/256 bits." type="java.lang.IllegalArgumentException">
      <![CDATA[java.lang.IllegalArgumentException: Key length not 128/192/256 bits.
at org.bouncycastle.crypto.engines.AESEngine.generateWorkingKey(Unknown Source)
at org.bouncycastle.crypto.engines.AESEngine.init(Unknown Source)
at org.bouncycastle.crypto.modes.CBCBlockCipher.init(Unknown Source)
at org.bouncycastle.crypto.macs.CMac.init(Unknown Source)
at snl_service.RestAssuredSnl.SnlTestV3.generateCmac(SnlTestV3.java:167)
at snl_service.RestAssuredSnl.SnlTestV3.buildAssertion(SnlTestV3.java:142)
at snl_service.RestAssuredSnl.SnlTestV3.setBaseUri(SnlTestV3.java:61)
at java.base/jdk.internal.reflect.NativeMethodAccessorImpl.invoke0(Native Method)
at java.base/jdk.internal.reflect.NativeMethodAccessorImpl.invoke(NativeMethodAccessorImpl.java:62)
at java.base/jdk.internal.reflect.DelegatingMethodAccessorImpl.invoke(DelegatingMethodAccessorImpl.java:43)
at java.base/java.lang.reflect.Method.invoke(Method.java:564)
at org.testng.internal.MethodInvocationHelper.invokeMethod(MethodInvocationHelper.java:124)
at org.testng.internal.MethodInvocationHelper.invokeMethodConsideringTimeout(MethodInvocationHelper.java:59)
at org.testng.internal.Invoker.invokeConfigurationMethod(Invoker.java:455)
at org.testng.internal.Invoker.invokeConfigurations(Invoker.java:222)
at org.testng.internal.Invoker.invokeConfigurations(Invoker.java:142)
at org.testng.internal.TestMethodWorker.invokeBeforeClassMethods(TestMethodWorker.java:168)
at org.testng.internal.TestMethodWorker.run(TestMethodWorker.java:105)
at org.testng.TestRunner.privateRun(TestRunner.java:648)
at org.testng.TestRunner.run(TestRunner.java:505)
at org.testng.SuiteRunner.runTest(SuiteRunner.java:455)
at org.testng.SuiteRunner.runSequentially(SuiteRunner.java:450)
at org.testng.SuiteRunner.privateRun(SuiteRunner.java:415)
at org.testng.SuiteRunner.run(SuiteRunner.java:364)
at org.testng.SuiteRunnerWorker.runSuite(SuiteRunnerWorker.java:52)
at org.testng.SuiteRunnerWorker.run(SuiteRunnerWorker.java:84)
at org.testng.TestNG.runSuitesSequentially(TestNG.java:1208)
at org.testng.TestNG.runSuitesLocally(TestNG.java:1137)
at org.testng.TestNG.runSuites(TestNG.java:1049)
at org.testng.TestNG.run(TestNG.java:1017)
at org.testng.remote.AbstractRemoteTestNG.run(AbstractRemoteTestNG.java:114)
at org.testng.remote.RemoteTestNG.initAndRun(RemoteTestNG.java:251)
at org.testng.remote.RemoteTestNG.main(RemoteTestNG.java:77)
]]>
    </error>
  </testcase> <!-- setBaseUri -->
</testsuite> <!-- snl_service.RestAssuredSnl.SnlTestV3 -->
